<?xml version="1.0" encoding="UTF-8"?>
<!-- Generated by org.testng.reporters.JUnitReportReporter -->
<testsuite hostname="srinivas-HP" name="com.poj.Obj" tests="3" failures="0" timestamp="1 Sep 2018 00:17:46 GMT" time="38.229" errors="0">
  <testcase name="VerifyInvalidLogin" time="19.448" classname="com.poj.Obj"/>
  <testcase name="VerifyInvalidLogin" time="17.545" classname="com.poj.Obj"/>
  <testcase name="tearDown" time="1.236" classname="com.poj.Obj"/>
</testsuite> <!-- com.poj.Obj -->
