<?xml version="1.0" encoding="UTF-8"?>
<!-- Generated by org.testng.reporters.JUnitReportReporter -->
<testsuite hostname="srinivas-HP" name="com.poj.Obj" tests="3" failures="0" timestamp="31 Aug 2018 09:36:14 GMT" time="39.134" errors="0">
  <testcase name="VerifyInvalidLogin" time="18.581" classname="com.poj.Obj"/>
  <testcase name="VerifyInvalidLogin" time="19.593" classname="com.poj.Obj"/>
  <testcase name="tearDown" time="0.960" classname="com.poj.Obj"/>
</testsuite> <!-- com.poj.Obj -->
